<?xml version="1.0" encoding="UTF-8"?>
<!-- Generated by org.testng.reporters.JUnitReportReporter -->
<testsuite skipped="0" hostname="CCILT336" name="practice.DerivedTest" tests="1" failures="0" timestamp="2020-09-07T19:45:46 IST" time="0.019" errors="0">
  <testcase name="test" time="0.019" classname="practice.DerivedTest"/>
  <system-out/>
</testsuite> <!-- practice.DerivedTest -->
